<?xml version="1.0" encoding="UTF-8"?>
<!-- Generated by org.testng.reporters.JUnitReportReporter -->
<testsuite hostname="WIN-CV8GUO6EPN0" failures="0" tests="1" name="testCases.TC001_LocatorLearning" time="28.469" errors="0" timestamp="2022-06-18T00:20:33 BDT" skipped="0">
  <testcase classname="testCases.TC001_LocatorLearning" name="LocatorLearning" time="28.469"/>
  <system-out/>
</testsuite> <!-- testCases.TC001_LocatorLearning -->
