<?xml version="1.0" encoding="UTF-8"?>
<!-- Generated by org.testng.reporters.JUnitReportReporter -->
<testsuite hostname="WIN-CV8GUO6EPN0" failures="0" tests="2" name="testCases.TC001_LocatorLearning" time="55.786" errors="0" timestamp="2022-06-20T05:26:57 BDT" skipped="0">
  <testcase classname="testCases.TC001_LocatorLearning" name="LocatorLearning" time="27.381"/>
  <system-out/>
  <testcase classname="testCases.TC001_LocatorLearning" name="LocatorLearning" time="28.405"/>
  <system-out/>
</testsuite> <!-- testCases.TC001_LocatorLearning -->
