<?xml version="1.0" encoding="UTF-8"?>
<!-- Generated by org.testng.reporters.JUnitReportReporter -->
<testsuite hostname="WIN-CV8GUO6EPN0" failures="0" tests="1" name="testCases.TC001_LocatorLearning" time="3.468" errors="0" timestamp="2022-06-13T14:38:23 BDT" skipped="0">
  <testcase classname="testCases.TC001_LocatorLearning" name="LocatorLearning" time="3.468"/>
  <system-out/>
</testsuite> <!-- testCases.TC001_LocatorLearning -->
