<?xml version="1.0" encoding="UTF-8"?>
<!-- Generated by org.testng.reporters.JUnitReportReporter -->
<testsuite hostname="WIN-CV8GUO6EPN0" failures="0" tests="1" name="testCases.TC001_LocatorLearning" time="11.420" errors="0" timestamp="2022-06-17T23:56:07 BDT" skipped="0">
  <testcase classname="testCases.TC001_LocatorLearning" name="LocatorLearning" time="11.420"/>
  <system-out/>
</testsuite> <!-- testCases.TC001_LocatorLearning -->
